<?xml version="1.0" encoding="UTF-8"?>
<!-- Generated by org.testng.reporters.JUnitReportReporter -->
<testsuite hostname="DESKTOP-VNM1TQQ" failures="0" tests="1" name="com.testNG.EjemploTestNG" time="28.546" errors="0" timestamp="2022-03-08T09:01:23 COT" skipped="0">
  <testcase classname="com.testNG.EjemploTestNG" name="pruebaInicialTest" time="28.546"/>
  <system-out/>
</testsuite> <!-- com.testNG.EjemploTestNG -->
